0 info it worked if it ends with ok
1 verbose cli [ 'C:\\Program Files\\nodejs\\node.exe',
1 verbose cli   'C:\\Program Files\\nodejs\\node_modules\\npm\\bin\\npm-cli.js',
1 verbose cli   'start' ]
2 info using npm@3.10.10
3 info using node@v6.11.4
4 verbose run-script [ 'prestart', 'start', 'poststart' ]
5 info lifecycle reactapp@1.0.0~prestart: reactapp@1.0.0
6 silly lifecycle reactapp@1.0.0~prestart: no script for prestart, continuing
7 info lifecycle reactapp@1.0.0~start: reactapp@1.0.0
8 verbose lifecycle reactapp@1.0.0~start: unsafe-perm in lifecycle true
9 verbose lifecycle reactapp@1.0.0~start: PATH: C:\Program Files\nodejs\node_modules\npm\bin\node-gyp-bin;C:\Users\bis\Desktop\react\reactapp\node_modules\.bin;E:\Python27\;E:\Python27\Scripts;C:\ProgramData\Oracle\Java\javapath;C:\Program Files (x86)\NVIDIA Corporation\PhysX\Common;C:\WINDOWS\system32;C:\WINDOWS;C:\WINDOWS\System32\Wbem;C:\WINDOWS\System32\WindowsPowerShell\v1.0\;H:\envcommands;C:\Program Files\MySQL\MySQL Utilities 1.6\;H:\soft\unix_utils;H:\dev\apache-maven-3.5.0-bin\apache-maven-3.5.0\bin;C:\Program Files (x86)\Skype\Phone\;C:\Program Files\Java\jdk1.8.0_65\bin;C:\Program Files (x86)\GTK2-Runtime\bin;C:\Program Files (x86)\Brackets\command;C:\Program Files\Git\cmd;F:\cygwin64\bin;C:\Program Files\TortoiseSVN\bin;E:\Python\Python36-32;C:\Program Files\TortoiseGit\bin;C:\php;C:\Program Files\nodejs\;C:\Users\bis\AppData\Local\Microsoft\WindowsApps;C:\Users\bis\AppData\Local\atom\bin;C:\Users\bis\AppData\Roaming\npm
10 verbose lifecycle reactapp@1.0.0~start: CWD: C:\Users\bis\Desktop\react\reactapp
11 silly lifecycle reactapp@1.0.0~start: Args: [ '/d /s /c', 'webpack-dev-server --hot' ]
12 verbose stack Error: kill ENOSYS
12 verbose stack     at Object.exports._errnoException (util.js:1020:11)
12 verbose stack     at process.kill (internal/process.js:191:18)
12 verbose stack     at process.listener (C:\Program Files\nodejs\node_modules\npm\node_modules\npmlog\node_modules\gauge\node_modules\signal-exit\index.js:86:15)
12 verbose stack     at emitNone (events.js:91:20)
12 verbose stack     at process.emit (events.js:185:7)
12 verbose stack     at processEmit (C:\Program Files\nodejs\node_modules\npm\node_modules\npmlog\node_modules\gauge\node_modules\signal-exit\index.js:146:32)
12 verbose stack     at processEmit (C:\Program Files\nodejs\node_modules\npm\node_modules\npm-registry-client\node_modules\npmlog\node_modules\gauge\node_modules\signal-exit\index.js:146:32)
12 verbose stack     at Signal.wrap.onsignal (internal/process.js:217:44)
13 verbose cwd C:\Users\bis\Desktop\react\reactapp
14 error Windows_NT 10.0.15063
15 error argv "C:\\Program Files\\nodejs\\node.exe" "C:\\Program Files\\nodejs\\node_modules\\npm\\bin\\npm-cli.js" "start"
16 error node v6.11.4
17 error npm  v3.10.10
18 error code ENOSYS
19 error errno ENOSYS
20 error syscall kill
21 error kill ENOSYS
22 error If you need help, you may report this error at:
22 error     <https://github.com/npm/npm/issues>
23 verbose exit [ 1, true ]
